<?xml version="1.0" encoding="UTF-8"?>
<!-- Generated by org.testng.reporters.JUnitXMLReporter -->
<testsuite hostname="Niket" ignored="0" name="Default test" tests="5" failures="0" timestamp="14 Jul 2020 16:55:20 GMT" time="92.33" errors="0">
  <testcase name="EmailValidation" time="0.503" classname="tests.KoodoLogin"/>
  <testcase name="IncorrectEmailval" time="2.494" classname="tests.KoodoLogin"/>
  <testcase name="Incorrectpassval" time="2.575" classname="tests.KoodoLogin"/>
  <testcase name="InvalidEmailval" time="0.194" classname="tests.KoodoLogin"/>
  <testcase name="PasswordValidation" time="0.622" classname="tests.KoodoLogin"/>
</testsuite> <!-- Default test -->
