<?xml version="1.0" encoding="UTF-8"?>
<testng-results skipped="0" failed="0" ignored="0" total="2" passed="2">
  <reporter-output>
  </reporter-output>
  <suite name="Default suite" duration-ms="43806" started-at="2020-07-13T19:14:35Z" finished-at="2020-07-13T19:15:19Z">
    <groups>
    </groups>
    <test name="Default test" duration-ms="43806" started-at="2020-07-13T19:14:35Z" finished-at="2020-07-13T19:15:19Z">
      <class name="tests.KoodoLogin">
        <test-method status="PASS" signature="beforeMethod()[pri:0, instance:tests.KoodoLogin@22f9e2]" name="beforeMethod" is-config="true" duration-ms="13630" started-at="2020-07-13T15:14:35Z" finished-at="2020-07-13T15:14:48Z">
          <reporter-output>
          </reporter-output>
        </test-method> <!-- beforeMethod -->
        <test-method status="PASS" signature="EmailValidation()[pri:0, instance:tests.KoodoLogin@22f9e2]" name="EmailValidation" duration-ms="459" started-at="2020-07-13T15:14:48Z" finished-at="2020-07-13T15:14:49Z">
          <reporter-output>
          </reporter-output>
        </test-method> <!-- EmailValidation -->
        <test-method status="PASS" signature="afterMethod()[pri:0, instance:tests.KoodoLogin@22f9e2]" name="afterMethod" is-config="true" duration-ms="5387" started-at="2020-07-13T15:14:49Z" finished-at="2020-07-13T15:14:54Z">
          <reporter-output>
          </reporter-output>
        </test-method> <!-- afterMethod -->
        <test-method status="PASS" signature="beforeMethod()[pri:0, instance:tests.KoodoLogin@22f9e2]" name="beforeMethod" is-config="true" duration-ms="20003" started-at="2020-07-13T15:14:54Z" finished-at="2020-07-13T15:15:14Z">
          <reporter-output>
          </reporter-output>
        </test-method> <!-- beforeMethod -->
        <test-method status="PASS" signature="PasswordValidation()[pri:0, instance:tests.KoodoLogin@22f9e2]" name="PasswordValidation" duration-ms="573" started-at="2020-07-13T15:15:14Z" finished-at="2020-07-13T15:15:15Z">
          <reporter-output>
          </reporter-output>
        </test-method> <!-- PasswordValidation -->
        <test-method status="PASS" signature="afterMethod()[pri:0, instance:tests.KoodoLogin@22f9e2]" name="afterMethod" is-config="true" duration-ms="3727" started-at="2020-07-13T15:15:15Z" finished-at="2020-07-13T15:15:19Z">
          <reporter-output>
          </reporter-output>
        </test-method> <!-- afterMethod -->
      </class> <!-- tests.KoodoLogin -->
    </test> <!-- Default test -->
  </suite> <!-- Default suite -->
</testng-results>
